This is pdfTeX, Version 3.1415926-2.5-1.40.14 (TeX Live 2013) (format=pdflatex 2014.1.19)  6 FEB 2014 11:11
entering extended mode
 restricted \write18 enabled.
 %&-line parsing enabled.
**Schadensmeldung_Wasserschaden.tex
(./Schadensmeldung_Wasserschaden.tex
LaTeX2e <2011/06/27>
Babel <3.9f> and hyphenation patterns for 42 languages loaded.
(/usr/share/texmf-dist/tex/latex/koma-script/scrlttr2.cls
Document Class: scrlttr2 2012/07/29 v3.11b KOMA-Script document class (letter)
(/usr/share/texmf-dist/tex/latex/koma-script/scrkbase.sty
Package: scrkbase 2012/07/29 v3.11b KOMA-Script package (KOMA-Script-dependent 
basics and keyval usage)

(/usr/share/texmf-dist/tex/latex/koma-script/scrbase.sty
Package: scrbase 2012/07/29 v3.11b KOMA-Script package (KOMA-Script-independent
 basics and keyval usage)

(/usr/share/texmf-dist/tex/latex/graphics/keyval.sty
Package: keyval 1999/03/16 v1.13 key=value parser (DPC)
\KV@toks@=\toks14
)
(/usr/share/texmf-dist/tex/latex/koma-script/scrlfile.sty
Package: scrlfile 2012/06/15 v3.12 KOMA-Script package (loading files)

Package scrlfile, 2012/06/15 v3.12 KOMA-Script package (loading files)
                  Copyright (C) Markus Kohm

)))
Package scrlttr2 Info: You've used obsolete option `10pt'.
(scrlttr2)             \KOMAExecuteOptions{fontsize=10pt} will be
(scrlttr2)             used instead.
(scrlttr2)             You may simply replace `10pt'
(scrlttr2)             by `fontsize=10pt'.
Class scrlttr2 Info: File `scrsize10pt.clo' used to setup font sizes on input l
ine 1174.
 (/usr/share/texmf-dist/tex/latex/koma-script/scrsize10pt.clo
File: scrsize10pt.clo 2012/07/29 v3.11b KOMA-Script font size class option (10p
t)
)
(/usr/share/texmf-dist/tex/latex/koma-script/typearea.sty
Package: typearea 2012/07/29 v3.11b KOMA-Script package (type area)

Package typearea, 2012/07/29 v3.11b KOMA-Script package (type area)
                  Copyright (C) Frank Neukam, 1992-1994
                  Copyright (C) Markus Kohm, 1994-

\ta@bcor=\skip41
\ta@div=\count79
\ta@hblk=\skip42
\ta@vblk=\skip43
\ta@temp=\skip44
Package typearea Info: These are the values describing the layout:
(typearea)             DIV  = 8
(typearea)             BCOR = 0.0pt
(typearea)             \paperwidth      = 597.50793pt
(typearea)              \textwidth      = 373.44246pt
(typearea)              DIV departure   = -4%
(typearea)              \evensidemargin = 39.76274pt
(typearea)              \oddsidemargin  = 39.76274pt
(typearea)             \paperheight     = 845.04694pt
(typearea)              \textheight     = 538.0pt
(typearea)              \topmargin      = 0.36087pt
(typearea)              \headheight     = 15.0pt
(typearea)              \headsep        = 18.0pt
(typearea)              \topskip        = 10.0pt
(typearea)              \footskip       = 42.0pt
(typearea)              \baselineskip   = 12.0pt
(typearea)              on input line 1213.
))
Class scrlttr2 Info: Letter-Class-Option `DIN' loaded on input line 11.
 (/usr/share/texmf-dist/tex/latex/koma-script/DIN.lco
File: DIN.lco 2012/07/29 v3.11b KOMA-Script letter-class-option
)
(/usr/share/texmf-dist/tex/latex/base/fontenc.sty
Package: fontenc 2005/09/27 v1.99g Standard LaTeX package

(/usr/share/texmf-dist/tex/latex/base/t1enc.def
File: t1enc.def 2005/09/27 v1.99g Standard LaTeX file
LaTeX Font Info:    Redeclaring font encoding T1 on input line 43.
))
(/usr/share/texmf-dist/tex/latex/base/inputenc.sty
Package: inputenc 2008/03/30 v1.1d Input encoding file
\inpenc@prehook=\toks15
\inpenc@posthook=\toks16

(/usr/share/texmf-dist/tex/latex/base/latin1.def
File: latin1.def 2008/03/30 v1.1d Input encoding file
))
(/usr/share/texmf-dist/tex/generic/babel/babel.sty
Package: babel 2013/05/16 v3.9f The Babel package

(/usr/share/texmf-dist/tex/generic/babel-german/ngermanb.ldf
Language: ngermanb 2008/07/06 v2.6n new German support from the babel system

(/usr/share/texmf-dist/tex/generic/babel/babel.def
File: babel.def 2013/05/16 v3.9f Babel common definitions
\babel@savecnt=\count80
\U@D=\dimen102
)
\l@naustrian = a dialect from \language\l@ngerman 
Package babel Info: Making " an active character on input line 92.
))
(/usr/share/texmf-dist/tex/latex/lm/lmodern.sty
Package: lmodern 2009/10/30 v1.6 Latin Modern Fonts
LaTeX Font Info:    Overwriting symbol font `operators' in version `normal'
(Font)                  OT1/cmr/m/n --> OT1/lmr/m/n on input line 22.
LaTeX Font Info:    Overwriting symbol font `letters' in version `normal'
(Font)                  OML/cmm/m/it --> OML/lmm/m/it on input line 23.
LaTeX Font Info:    Overwriting symbol font `symbols' in version `normal'
(Font)                  OMS/cmsy/m/n --> OMS/lmsy/m/n on input line 24.
LaTeX Font Info:    Overwriting symbol font `largesymbols' in version `normal'
(Font)                  OMX/cmex/m/n --> OMX/lmex/m/n on input line 25.
LaTeX Font Info:    Overwriting symbol font `operators' in version `bold'
(Font)                  OT1/cmr/bx/n --> OT1/lmr/bx/n on input line 26.
LaTeX Font Info:    Overwriting symbol font `letters' in version `bold'
(Font)                  OML/cmm/b/it --> OML/lmm/b/it on input line 27.
LaTeX Font Info:    Overwriting symbol font `symbols' in version `bold'
(Font)                  OMS/cmsy/b/n --> OMS/lmsy/b/n on input line 28.
LaTeX Font Info:    Overwriting symbol font `largesymbols' in version `bold'
(Font)                  OMX/cmex/m/n --> OMX/lmex/m/n on input line 29.
LaTeX Font Info:    Overwriting math alphabet `\mathbf' in version `normal'
(Font)                  OT1/cmr/bx/n --> OT1/lmr/bx/n on input line 31.
LaTeX Font Info:    Overwriting math alphabet `\mathsf' in version `normal'
(Font)                  OT1/cmss/m/n --> OT1/lmss/m/n on input line 32.
LaTeX Font Info:    Overwriting math alphabet `\mathit' in version `normal'
(Font)                  OT1/cmr/m/it --> OT1/lmr/m/it on input line 33.
LaTeX Font Info:    Overwriting math alphabet `\mathtt' in version `normal'
(Font)                  OT1/cmtt/m/n --> OT1/lmtt/m/n on input line 34.
LaTeX Font Info:    Overwriting math alphabet `\mathbf' in version `bold'
(Font)                  OT1/cmr/bx/n --> OT1/lmr/bx/n on input line 35.
LaTeX Font Info:    Overwriting math alphabet `\mathsf' in version `bold'
(Font)                  OT1/cmss/bx/n --> OT1/lmss/bx/n on input line 36.
LaTeX Font Info:    Overwriting math alphabet `\mathit' in version `bold'
(Font)                  OT1/cmr/bx/it --> OT1/lmr/bx/it on input line 37.
LaTeX Font Info:    Overwriting math alphabet `\mathtt' in version `bold'
(Font)                  OT1/cmtt/m/n --> OT1/lmtt/m/n on input line 38.
)
(./Schadensmeldung_Wasserschaden.aux)
\openout1 = `Schadensmeldung_Wasserschaden.aux'.

LaTeX Font Info:    Checking defaults for OML/cmm/m/it on input line 22.
LaTeX Font Info:    ... okay on input line 22.
LaTeX Font Info:    Checking defaults for T1/cmr/m/n on input line 22.
LaTeX Font Info:    ... okay on input line 22.
LaTeX Font Info:    Checking defaults for OT1/cmr/m/n on input line 22.
LaTeX Font Info:    ... okay on input line 22.
LaTeX Font Info:    Checking defaults for OMS/cmsy/m/n on input line 22.
LaTeX Font Info:    ... okay on input line 22.
LaTeX Font Info:    Checking defaults for OMX/cmex/m/n on input line 22.
LaTeX Font Info:    ... okay on input line 22.
LaTeX Font Info:    Checking defaults for U/cmr/m/n on input line 22.
LaTeX Font Info:    ... okay on input line 22.
LaTeX Font Info:    Try loading font information for T1+lmss on input line 22.

(/usr/share/texmf-dist/tex/latex/lm/t1lmss.fd
File: t1lmss.fd 2009/10/30 v1.6 Font defs for Latin Modern
)
Package scrbase Info: No captions found for `USenglish'
(scrbase)             --> skipped on input line 22.
Class scrlttr2 Info: no date found for language `USenglish'
(scrlttr2)           --> skipped on input line 22.
Package scrbase Info: No captions found for `american'
(scrbase)             --> skipped on input line 22.
Class scrlttr2 Info: no date found for language `american'
(scrlttr2)           --> skipped on input line 22.
Package scrbase Info: No captions found for `british'
(scrbase)             --> skipped on input line 22.
Class scrlttr2 Info: no date found for language `british'
(scrlttr2)           --> skipped on input line 22.
Package scrbase Info: No captions found for `UKenglish'
(scrbase)             --> skipped on input line 22.
Class scrlttr2 Info: no date found for language `UKenglish'
(scrlttr2)           --> skipped on input line 22.
Package scrbase Info: No captions found for `german'
(scrbase)             --> skipped on input line 22.
Class scrlttr2 Info: no date found for language `german'
(scrlttr2)           --> skipped on input line 22.
Package scrbase Info: `\ccname' at language `ngerman' already defined
(scrbase)             --> skipped on input line 22.
Package scrbase Info: `\enclname' at language `ngerman' already defined
(scrbase)             --> skipped on input line 22.
Package scrbase Info: `\headtoname' at language `ngerman' already defined
(scrbase)             --> skipped on input line 22.
Package scrbase Info: `\pagename' at language `ngerman' already defined
(scrbase)             --> skipped on input line 22.
Package scrbase Info: No captions found for `austrian'
(scrbase)             --> skipped on input line 22.
Class scrlttr2 Info: no date found for language `austrian'
(scrlttr2)           --> skipped on input line 22.
Package scrbase Info: No captions found for `naustrian'
(scrbase)             --> skipped on input line 22.
Package scrbase Info: No captions found for `french'
(scrbase)             --> skipped on input line 22.
Class scrlttr2 Info: no date found for language `french'
(scrlttr2)           --> skipped on input line 22.
Package scrbase Info: No captions found for `italian'
(scrbase)             --> skipped on input line 22.
Class scrlttr2 Info: no date found for language `italian'
(scrlttr2)           --> skipped on input line 22.
Package scrbase Info: No captions found for `spanish'
(scrbase)             --> skipped on input line 22.
Class scrlttr2 Info: no date found for language `spanish'
(scrlttr2)           --> skipped on input line 22.
Package scrbase Info: No captions found for `croatian'
(scrbase)             --> skipped on input line 22.
Class scrlttr2 Info: no date found for language `croatian'
(scrlttr2)           --> skipped on input line 22.
Package scrbase Info: No captions found for `dutch'
(scrbase)             --> skipped on input line 22.
Class scrlttr2 Info: no date found for language `dutch'
(scrlttr2)           --> skipped on input line 22.
Package scrbase Info: No captions found for `finnish'
(scrbase)             --> skipped on input line 22.
Class scrlttr2 Info: no date found for language `finnish'
(scrlttr2)           --> skipped on input line 22.
Package scrbase Info: No captions found for `norsk'
(scrbase)             --> skipped on input line 22.
Class scrlttr2 Info: no date found for language `norsk'
(scrlttr2)           --> skipped on input line 22.
Package scrbase Info: No captions found for `swedish'
(scrbase)             --> skipped on input line 22.
Class scrlttr2 Info: no date found for language `swedish'
(scrlttr2)           --> skipped on input line 22.
Class scrlttr2 Info: used language is `ngerman'.
(scrlttr2)           Supported languages are `english', `UKenglish',
(scrlttr2)           `british', `american', `USenglish',
(scrlttr2)           `german', `ngerman', `austrian', `naustrian',
(scrlttr2)           `dutch', `italian', `spanish',
(scrlttr2)           `croatian', `finnish', `norsk' on input line 22.

Foldmarks: yes
Head of first page
Foot of first page
Address (backaddress, addressee)
LaTeX Font Info:    Try loading font information for OT1+lmr on input line 57.
(/usr/share/texmf-dist/tex/latex/lm/ot1lmr.fd
File: ot1lmr.fd 2009/10/30 v1.6 Font defs for Latin Modern
)
LaTeX Font Info:    Try loading font information for OML+lmm on input line 57.

(/usr/share/texmf-dist/tex/latex/lm/omllmm.fd
File: omllmm.fd 2009/10/30 v1.6 Font defs for Latin Modern
)
LaTeX Font Info:    Try loading font information for OMS+lmsy on input line 57.


(/usr/share/texmf-dist/tex/latex/lm/omslmsy.fd
File: omslmsy.fd 2009/10/30 v1.6 Font defs for Latin Modern
)
LaTeX Font Info:    Try loading font information for OMX+lmex on input line 57.


(/usr/share/texmf-dist/tex/latex/lm/omxlmex.fd
File: omxlmex.fd 2009/10/30 v1.6 Font defs for Latin Modern
)
LaTeX Font Info:    External font `lmex10' loaded for size
(Font)              <10> on input line 57.
LaTeX Font Info:    External font `lmex10' loaded for size
(Font)              <7> on input line 57.
LaTeX Font Info:    External font `lmex10' loaded for size
(Font)              <5> on input line 57.

Location field: empty
Title: no
Subject: before opening
[1

{/var/lib/texmf/fonts/map/pdftex/updmap/pdftex.map}]
LaTeX Font Info:    Font shape `T1/lmss/m/it' in size <10> not available
(Font)              Font shape `T1/lmss/m/sl' tried instead on input line 99.
 [2]
(./Schadensmeldung_Wasserschaden.aux) ) 
Here is how much of TeX's memory you used:
 2012 strings out of 493853
 29999 string characters out of 6157277
 132557 words of memory out of 5000000
 5288 multiletter control sequences out of 15000+600000
 37605 words of font info for 33 fonts, out of 8000000 for 9000
 788 hyphenation exceptions out of 8191
 35i,9n,43p,1032b,269s stack positions out of 5000i,500n,10000p,200000b,80000s
{/usr/share/texmf-dist/fonts/enc/dvips/l
m/lm-ec.enc}</usr/share/texmf-dist/fonts/type1/public/lm/lmss10.pfb></usr/share
/texmf-dist/fonts/type1/public/lm/lmss8.pfb></usr/share/texmf-dist/fonts/type1/
public/lm/lmssbx10.pfb></usr/share/texmf-dist/fonts/type1/public/lm/lmsso10.pfb
>
Output written on Schadensmeldung_Wasserschaden.pdf (2 pages, 95098 bytes).
PDF statistics:
 28 PDF objects out of 1000 (max. 8388607)
 19 compressed objects within 1 object stream
 0 named destinations out of 1000 (max. 500000)
 1 words of extra memory for PDF output out of 10000 (max. 10000000)

